# JRE version: Java(TM) SE Runtime Environment (8.0_131-b11) (build 1.8.0_131-b11)
# Java VM: Java HotSpot(TM) 64-Bit Server VM (25.131-b11 mixed mode windows-amd64 compressed oops)
Heap:
 PSYoungGen      total 22528K, used 967K [0x00000000eb200000, 0x00000000ece00000, 0x0000000100000000)
  eden space 16384K, 5% used [0x00000000eb200000,0x00000000eb2f1ee0,0x00000000ec200000)
  from space 6144K, 0% used [0x00000000ec800000,0x00000000ec800000,0x00000000ece00000)
  to   space 6144K, 0% used [0x00000000ec200000,0x00000000ec200000,0x00000000ec800000)
 ParOldGen       total 25600K, used 5488K [0x00000000c1600000, 0x00000000c2f00000, 0x00000000eb200000)
  object space 25600K, 21% used [0x00000000c1600000,0x00000000c1b5c358,0x00000000c2f00000)
 Metaspace       used 14934K, capacity 15170K, committed 15488K, reserved 1064960K
  class space    used 1826K, capacity 1907K, committed 1920K, reserved 1048576K
GC Heap History (10 events):
Event: 22.561 GC heap after
Heap after GC invocations=2 (full 0):
 PSYoungGen      total 18944K, used 2529K [0x00000000eb200000, 0x00000000ec700000, 0x0000000100000000)
  eden space 16384K, 0% used [0x00000000eb200000,0x00000000eb200000,0x00000000ec200000)
  from space 2560K, 98% used [0x00000000ec480000,0x00000000ec6f8448,0x00000000ec700000)
  to   space 2560K, 0% used [0x00000000ec200000,0x00000000ec200000,0x00000000ec480000)
 ParOldGen       total 44032K, used 952K [0x00000000c1600000, 0x00000000c4100000, 0x00000000eb200000)
  object space 44032K, 2% used [0x00000000c1600000,0x00000000c16ee030,0x00000000c4100000)
 Metaspace       used 7927K, capacity 8060K, committed 8320K, reserved 1056768K
  class space    used 990K, capacity 1048K, committed 1152K, reserved 1048576K
}
Event: 24.312 GC heap before
{Heap before GC invocations=3 (full 0):
 PSYoungGen      total 18944K, used 18913K [0x00000000eb200000, 0x00000000ec700000, 0x0000000100000000)
  eden space 16384K, 100% used [0x00000000eb200000,0x00000000ec200000,0x00000000ec200000)
  from space 2560K, 98% used [0x00000000ec480000,0x00000000ec6f8448,0x00000000ec700000)
  to   space 2560K, 0% used [0x00000000ec200000,0x00000000ec200000,0x00000000ec480000)
 ParOldGen       total 44032K, used 952K [0x00000000c1600000, 0x00000000c4100000, 0x00000000eb200000)
  object space 44032K, 2% used [0x00000000c1600000,0x00000000c16ee030,0x00000000c4100000)
 Metaspace       used 9886K, capacity 10040K, committed 10368K, reserved 1058816K
  class space    used 1216K, capacity 1281K, committed 1408K, reserved 1048576K
Event: 24.319 GC heap after
Heap after GC invocations=3 (full 0):
 PSYoungGen      total 18944K, used 2533K [0x00000000eb200000, 0x00000000ec700000, 0x0000000100000000)
  eden space 16384K, 0% used [0x00000000eb200000,0x00000000eb200000,0x00000000ec200000)
  from space 2560K, 98% used [0x00000000ec200000,0x00000000ec479518,0x00000000ec480000)
  to   space 2560K, 0% used [0x00000000ec480000,0x00000000ec480000,0x00000000ec700000)
 ParOldGen       total 44032K, used 2871K [0x00000000c1600000, 0x00000000c4100000, 0x00000000eb200000)
  object space 44032K, 6% used [0x00000000c1600000,0x00000000c18cdc10,0x00000000c4100000)
 Metaspace       used 9886K, capacity 10040K, committed 10368K, reserved 1058816K
  class space    used 1216K, capacity 1281K, committed 1408K, reserved 1048576K
}
Event: 25.409 GC heap before
{Heap before GC invocations=4 (full 0):
 PSYoungGen      total 18944K, used 18917K [0x00000000eb200000, 0x00000000ec700000, 0x0000000100000000)
  eden space 16384K, 100% used [0x00000000eb200000,0x00000000ec200000,0x00000000ec200000)
  from space 2560K, 98% used [0x00000000ec200000,0x00000000ec479518,0x00000000ec480000)
  to   space 2560K, 0% used [0x00000000ec480000,0x00000000ec480000,0x00000000ec700000)
 ParOldGen       total 44032K, used 2871K [0x00000000c1600000, 0x00000000c4100000, 0x00000000eb200000)
  object space 44032K, 6% used [0x00000000c1600000,0x00000000c18cdc10,0x00000000c4100000)
 Metaspace       used 11818K, capacity 11950K, committed 12160K, reserved 1060864K
  class space    used 1483K, capacity 1573K, committed 1664K, reserved 1048576K
Event: 25.418 GC heap after
Heap after GC invocations=4 (full 0):
 PSYoungGen      total 18944K, used 2528K [0x00000000eb200000, 0x00000000ec700000, 0x0000000100000000)
  eden space 16384K, 0% used [0x00000000eb200000,0x00000000eb200000,0x00000000ec200000)
  from space 2560K, 98% used [0x00000000ec480000,0x00000000ec6f8020,0x00000000ec700000)
  to   space 2560K, 0% used [0x00000000ec200000,0x00000000ec200000,0x00000000ec480000)
 ParOldGen       total 44032K, used 5299K [0x00000000c1600000, 0x00000000c4100000, 0x00000000eb200000)
  object space 44032K, 12% used [0x00000000c1600000,0x00000000c1b2cfa8,0x00000000c4100000)
 Metaspace       used 11818K, capacity 11950K, committed 12160K, reserved 1060864K
  class space    used 1483K, capacity 1573K, committed 1664K, reserved 1048576K
}
Event: 28.297 GC heap before
{Heap before GC invocations=5 (full 0):
 PSYoungGen      total 18944K, used 18912K [0x00000000eb200000, 0x00000000ec700000, 0x0000000100000000)
  eden space 16384K, 100% used [0x00000000eb200000,0x00000000ec200000,0x00000000ec200000)
  from space 2560K, 98% used [0x00000000ec480000,0x00000000ec6f8020,0x00000000ec700000)
  to   space 2560K, 0% used [0x00000000ec200000,0x00000000ec200000,0x00000000ec480000)
 ParOldGen       total 44032K, used 5299K [0x00000000c1600000, 0x00000000c4100000, 0x00000000eb200000)
  object space 44032K, 12% used [0x00000000c1600000,0x00000000c1b2cfa8,0x00000000c4100000)
 Metaspace       used 14444K, capacity 14602K, committed 14720K, reserved 1062912K
  class space    used 1787K, capacity 1871K, committed 1920K, reserved 1048576K
Event: 28.317 GC heap after
Heap after GC invocations=5 (full 0):
 PSYoungGen      total 18944K, used 2544K [0x00000000eb200000, 0x00000000ece00000, 0x0000000100000000)
  eden space 16384K, 0% used [0x00000000eb200000,0x00000000eb200000,0x00000000ec200000)
  from space 2560K, 99% used [0x00000000ec200000,0x00000000ec47c010,0x00000000ec480000)
  to   space 6144K, 0% used [0x00000000ec800000,0x00000000ec800000,0x00000000ece00000)
 ParOldGen       total 44032K, used 7856K [0x00000000c1600000, 0x00000000c4100000, 0x00000000eb200000)
  object space 44032K, 17% used [0x00000000c1600000,0x00000000c1dac0e8,0x00000000c4100000)
 Metaspace       used 14444K, capacity 14602K, committed 14720K, reserved 1062912K
  class space    used 1787K, capacity 1871K, committed 1920K, reserved 1048576K
}
Event: 29.634 GC heap before
{Heap before GC invocations=6 (full 0):
 PSYoungGen      total 18944K, used 18122K [0x00000000eb200000, 0x00000000ece00000, 0x0000000100000000)
  eden space 16384K, 95% used [0x00000000eb200000,0x00000000ec136b98,0x00000000ec200000)
  from space 2560K, 99% used [0x00000000ec200000,0x00000000ec47c010,0x00000000ec480000)
  to   space 6144K, 0% used [0x00000000ec800000,0x00000000ec800000,0x00000000ece00000)
 ParOldGen       total 44032K, used 7856K [0x00000000c1600000, 0x00000000c4100000, 0x00000000eb200000)
  object space 44032K, 17% used [0x00000000c1600000,0x00000000c1dac0e8,0x00000000c4100000)
 Metaspace       used 14930K, capacity 15106K, committed 15232K, reserved 1067008K
  class space    used 1825K, capacity 1907K, committed 1920K, reserved 1048576K
Event: 29.646 GC heap after
Heap after GC invocations=6 (full 0):
 PSYoungGen      total 22528K, used 3984K [0x00000000eb200000, 0x00000000ece00000, 0x0000000100000000)
  eden space 16384K, 0% used [0x00000000eb200000,0x00000000eb200000,0x00000000ec200000)
  from space 6144K, 64% used [0x00000000ec800000,0x00000000ecbe42a0,0x00000000ece00000)
  to   space 6144K, 0% used [0x00000000ec200000,0x00000000ec200000,0x00000000ec800000)
 ParOldGen       total 44032K, used 7864K [0x00000000c1600000, 0x00000000c4100000, 0x00000000eb200000)
  object space 44032K, 17% used [0x00000000c1600000,0x00000000c1dae0e8,0x00000000c4100000)
 Metaspace       used 14930K, capacity 15106K, committed 15232K, reserved 1067008K
  class space    used 1825K, capacity 1907K, committed 1920K, reserved 1048576K
}
Event: 29.647 GC heap before
{Heap before GC invocations=7 (full 1):
 PSYoungGen      total 22528K, used 3984K [0x00000000eb200000, 0x00000000ece00000, 0x0000000100000000)
  eden space 16384K, 0% used [0x00000000eb200000,0x00000000eb200000,0x00000000ec200000)
  from space 6144K, 64% used [0x00000000ec800000,0x00000000ecbe42a0,0x00000000ece00000)
  to   space 6144K, 0% used [0x00000000ec200000,0x00000000ec200000,0x00000000ec800000)
 ParOldGen       total 44032K, used 7864K [0x00000000c1600000, 0x00000000c4100000, 0x00000000eb200000)
  object space 44032K, 17% used [0x00000000c1600000,0x00000000c1dae0e8,0x00000000c4100000)
 Metaspace       used 14930K, capacity 15106K, committed 15232K, reserved 1067008K
  class space    used 1825K, capacity 1907K, committed 1920K, reserved 1048576K

