<?xml version="1.0" encoding="UTF-8"?>
<!-- Generated by org.testng.reporters.JUnitXMLReporter -->
<testsuite hostname="Inspiron" ignored="0" name="Test" tests="3" failures="0" timestamp="09 Jul 2020 18:09:49 GMT" time="31.662" errors="0">
  <testcase name="invalidLogin1" time="2.063" classname="comm.orangehrm.testcases.LoginTestCases"/>
  <testcase name="inavlidLogin1" time="1.803" classname="comm.orangehrm.testcases.LoginTestCases"/>
  <testcase name="validLogin" time="8.0" classname="comm.orangehrm.testcases.LoginTestCases"/>
</testsuite> <!-- Test -->
