<?xml version="1.0" encoding="UTF-8"?>
<!-- Generated by org.testng.reporters.JUnitXMLReporter -->
<testsuite hostname="Inspiron" ignored="0" name="Test" tests="3" failures="0" timestamp="10 Jul 2020 19:15:49 GMT" time="18.19" errors="0">
  <testcase name="invalidLogin1" time="2.015" classname="comm.orangehrm.testcases.LoginTestCases"/>
  <testcase name="inavlidLogin1" time="2.1" classname="comm.orangehrm.testcases.LoginTestCases"/>
  <testcase name="validLogin" time="8.832" classname="comm.orangehrm.testcases.LoginTestCases"/>
</testsuite> <!-- Test -->
