<?xml version="1.0" encoding="UTF-8"?>
<testng-results skipped="0" failed="1" ignored="0" total="2" passed="1">
  <reporter-output>
  </reporter-output>
  <suite name="Suite" duration-ms="41368" started-at="2020-07-10T21:07:03Z" finished-at="2020-07-10T21:07:44Z">
    <groups>
    </groups>
    <test name="Test1" duration-ms="41368" started-at="2020-07-10T21:07:03Z" finished-at="2020-07-10T21:07:44Z">
      <class name="comm.orangehrm.testcases.DetailsTestCases">
        <test-method status="PASS" signature="openBrowser()[pri:0, instance:comm.orangehrm.testcases.DetailsTestCases@3ffc5af1]" name="openBrowser" is-config="true" duration-ms="3346" started-at="2020-07-10T21:07:00Z" finished-at="2020-07-10T21:07:03Z">
          <reporter-output>
          </reporter-output>
        </test-method> <!-- openBrowser -->
        <test-method status="PASS" signature="openUrl()[pri:0, instance:comm.orangehrm.testcases.DetailsTestCases@3ffc5af1]" name="openUrl" is-config="true" duration-ms="16518" started-at="2020-07-10T21:07:03Z" finished-at="2020-07-10T21:07:19Z">
          <reporter-output>
          </reporter-output>
        </test-method> <!-- openUrl -->
        <test-method status="PASS" signature="beforeclass()[pri:0, instance:comm.orangehrm.testcases.DetailsTestCases@3ffc5af1]" name="beforeclass" is-config="true" duration-ms="5" started-at="2020-07-10T21:07:19Z" finished-at="2020-07-10T21:07:19Z">
          <reporter-output>
          </reporter-output>
        </test-method> <!-- beforeclass -->
        <test-method status="PASS" signature="informationEmployee()[pri:1, instance:comm.orangehrm.testcases.DetailsTestCases@3ffc5af1]" name="informationEmployee" duration-ms="12300" started-at="2020-07-10T21:07:19Z" finished-at="2020-07-10T21:07:32Z">
          <reporter-output>
          </reporter-output>
        </test-method> <!-- informationEmployee -->
        <test-method status="FAIL" signature="infoOfSearchedEmployee()[pri:2, instance:comm.orangehrm.testcases.DetailsTestCases@3ffc5af1]" name="infoOfSearchedEmployee" duration-ms="12506" started-at="2020-07-10T21:07:32Z" finished-at="2020-07-10T21:07:44Z">
          <exception class="org.openqa.selenium.NoSuchElementException">
            <message>
              <![CDATA[no such element: Unable to locate element: {"method":"xpath","selector":"//table[@id='resultTable']/tbody/tr[1]/td[2]/a"}
  (Session info: chrome=83.0.4103.116)
For documentation on this error, please visit: https://www.seleniumhq.org/exceptions/no_such_element.html
Build info: version: '3.141.59', revision: 'e82be7d358', time: '2018-11-14T08:17:03'
System info: host: 'INSPIRON', ip: '192.168.43.14', os.name: 'Windows 8.1', os.arch: 'amd64', os.version: '6.3', java.version: '1.8.0_131'
Driver info: org.openqa.selenium.chrome.ChromeDriver
Capabilities {acceptInsecureCerts: false, browserName: chrome, browserVersion: 83.0.4103.116, chrome: {chromedriverVersion: 83.0.4103.39 (ccbf011cb2d2b..., userDataDir: C:\Users\DELL\AppData\Local...}, goog:chromeOptions: {debuggerAddress: localhost:1325}, javascriptEnabled: true, networkConnectionEnabled: false, pageLoadStrategy: normal, platform: WINDOWS, platformName: WINDOWS, proxy: Proxy(), setWindowRect: true, strictFileInteractability: false, timeouts: {implicit: 0, pageLoad: 300000, script: 30000}, unhandledPromptBehavior: dismiss and notify, webauthn:virtualAuthenticators: true}
Session ID: 8fa92c428f32238069f3fbf59f49812e
*** Element info: {Using=xpath, value=//table[@id='resultTable']/tbody/tr[1]/td[2]/a}]]>
            </message>
            <full-stacktrace>
              <![CDATA[org.openqa.selenium.NoSuchElementException: no such element: Unable to locate element: {"method":"xpath","selector":"//table[@id='resultTable']/tbody/tr[1]/td[2]/a"}
  (Session info: chrome=83.0.4103.116)
For documentation on this error, please visit: https://www.seleniumhq.org/exceptions/no_such_element.html
Build info: version: '3.141.59', revision: 'e82be7d358', time: '2018-11-14T08:17:03'
System info: host: 'INSPIRON', ip: '192.168.43.14', os.name: 'Windows 8.1', os.arch: 'amd64', os.version: '6.3', java.version: '1.8.0_131'
Driver info: org.openqa.selenium.chrome.ChromeDriver
Capabilities {acceptInsecureCerts: false, browserName: chrome, browserVersion: 83.0.4103.116, chrome: {chromedriverVersion: 83.0.4103.39 (ccbf011cb2d2b..., userDataDir: C:\Users\DELL\AppData\Local...}, goog:chromeOptions: {debuggerAddress: localhost:1325}, javascriptEnabled: true, networkConnectionEnabled: false, pageLoadStrategy: normal, platform: WINDOWS, platformName: WINDOWS, proxy: Proxy(), setWindowRect: true, strictFileInteractability: false, timeouts: {implicit: 0, pageLoad: 300000, script: 30000}, unhandledPromptBehavior: dismiss and notify, webauthn:virtualAuthenticators: true}
Session ID: 8fa92c428f32238069f3fbf59f49812e
*** Element info: {Using=xpath, value=//table[@id='resultTable']/tbody/tr[1]/td[2]/a}
at sun.reflect.NativeConstructorAccessorImpl.newInstance0(Native Method)
at sun.reflect.NativeConstructorAccessorImpl.newInstance(NativeConstructorAccessorImpl.java:62)
at sun.reflect.DelegatingConstructorAccessorImpl.newInstance(DelegatingConstructorAccessorImpl.java:45)
at java.lang.reflect.Constructor.newInstance(Constructor.java:423)
at org.openqa.selenium.remote.http.W3CHttpResponseCodec.createException(W3CHttpResponseCodec.java:187)
at org.openqa.selenium.remote.http.W3CHttpResponseCodec.decode(W3CHttpResponseCodec.java:122)
at org.openqa.selenium.remote.http.W3CHttpResponseCodec.decode(W3CHttpResponseCodec.java:49)
at org.openqa.selenium.remote.HttpCommandExecutor.execute(HttpCommandExecutor.java:158)
at org.openqa.selenium.remote.service.DriverCommandExecutor.execute(DriverCommandExecutor.java:83)
at org.openqa.selenium.remote.RemoteWebDriver.execute(RemoteWebDriver.java:552)
at org.openqa.selenium.remote.RemoteWebDriver.findElement(RemoteWebDriver.java:323)
at org.openqa.selenium.remote.RemoteWebDriver.findElementByXPath(RemoteWebDriver.java:428)
at org.openqa.selenium.By$ByXPath.findElement(By.java:353)
at org.openqa.selenium.remote.RemoteWebDriver.findElement(RemoteWebDriver.java:315)
at comm.orangehrm.pages.EmployeeDetails.verifyEmployeeDetails(EmployeeDetails.java:55)
at comm.orangehrm.testcases.DetailsTestCases.infoOfSearchedEmployee(DetailsTestCases.java:36)
at sun.reflect.NativeMethodAccessorImpl.invoke0(Native Method)
at sun.reflect.NativeMethodAccessorImpl.invoke(NativeMethodAccessorImpl.java:62)
at sun.reflect.DelegatingMethodAccessorImpl.invoke(DelegatingMethodAccessorImpl.java:43)
at java.lang.reflect.Method.invoke(Method.java:498)
at org.testng.internal.MethodInvocationHelper.invokeMethod(MethodInvocationHelper.java:124)
at org.testng.internal.Invoker.invokeMethod(Invoker.java:583)
at org.testng.internal.Invoker.invokeTestMethod(Invoker.java:719)
at org.testng.internal.Invoker.invokeTestMethods(Invoker.java:989)
at org.testng.internal.TestMethodWorker.invokeTestMethods(TestMethodWorker.java:125)
at org.testng.internal.TestMethodWorker.run(TestMethodWorker.java:109)
at org.testng.TestRunner.privateRun(TestRunner.java:648)
at org.testng.TestRunner.run(TestRunner.java:505)
at org.testng.SuiteRunner.runTest(SuiteRunner.java:455)
at org.testng.SuiteRunner.runSequentially(SuiteRunner.java:450)
at org.testng.SuiteRunner.privateRun(SuiteRunner.java:415)
at org.testng.SuiteRunner.run(SuiteRunner.java:364)
at org.testng.SuiteRunnerWorker.runSuite(SuiteRunnerWorker.java:52)
at org.testng.SuiteRunnerWorker.run(SuiteRunnerWorker.java:84)
at org.testng.TestNG.runSuitesSequentially(TestNG.java:1208)
at org.testng.TestNG.runSuitesLocally(TestNG.java:1137)
at org.testng.TestNG.runSuites(TestNG.java:1049)
at org.testng.TestNG.run(TestNG.java:1017)
at org.testng.remote.AbstractRemoteTestNG.run(AbstractRemoteTestNG.java:115)
at org.testng.remote.RemoteTestNG.initAndRun(RemoteTestNG.java:251)
at org.testng.remote.RemoteTestNG.main(RemoteTestNG.java:77)
]]>
            </full-stacktrace>
          </exception> <!-- org.openqa.selenium.NoSuchElementException -->
          <reporter-output>
          </reporter-output>
        </test-method> <!-- infoOfSearchedEmployee -->
        <test-method status="PASS" signature="closeBrowser()[pri:0, instance:comm.orangehrm.testcases.DetailsTestCases@3ffc5af1]" name="closeBrowser" is-config="true" duration-ms="82" started-at="2020-07-10T21:07:44Z" finished-at="2020-07-10T21:07:44Z">
          <reporter-output>
          </reporter-output>
        </test-method> <!-- closeBrowser -->
      </class> <!-- comm.orangehrm.testcases.DetailsTestCases -->
    </test> <!-- Test1 -->
  </suite> <!-- Suite -->
</testng-results>
